#
# A fatal error has been detected by the Java Runtime Environment:
#
#  SIGSEGV (0xb) at pc=0x00000001097fd14e, pid=6285, tid=4463857664
#
# JRE version: 7.0_05-b06
# Java VM: Java HotSpot(TM) 64-Bit Server VM (23.1-b03 mixed mode bsd-amd64 compressed oops)
# Problematic frame:
# V  [libjvm.dylib+0x28d14e]
#
# Failed to write core dump. Core dumps have been disabled. To enable core dumping, try "ulimit -c unlimited" before starting Java again
#
# If you would like to submit a bug report, please visit:
#   http://bugreport.sun.com/bugreport/crash.jsp
#

---------------  T H R E A D  ---------------

Current thread (0x00007f8244800000):  JavaThread "Unknown thread" [_thread_in_vm, id=168890368, stack(0x000000010a011000,0x000000010a111000)]

siginfo:si_signo=SIGSEGV: si_errno=0, si_code=1 (SEGV_MAPERR), si_addr=0x000000000000001c

Registers:
RAX=0x0000000000000014, RBX=0x00007f8243800000, RCX=0x0000000000000003, RDX=0x0000000109c1f270
RSP=0x000000010a110b00, RBP=0x000000010a110b10, RSI=0x0000000000000000, RDI=0x0000000000000008
R8 =0x0000000000000000, R9 =0x000000010a110308, R10=0x0000000109c1e038, R11=0x0000000000000206
R12=0x00007f8244805cd8, R13=0x000000010a111000, R14=0x00007f8244806320, R15=0x00007f82448057a8
RIP=0x00000001097fd14e, EFLAGS=0x0000000000010202, ERR=0x0000000000000004
  TRAPNO=0x000000000000000e

Top of Stack: (sp=0x000000010a110b00)
0x000000010a110b00:   00007f8243800000 00007f8244806320
0x000000010a110b10:   000000010a110b50 00000001097fd22b
0x000000010a110b20:   00007f8242e004e0 00007f8242e005b0
0x000000010a110b30:   00007f8242e005c0 00007f8242e00998
0x000000010a110b40:   00007f8244806320 0000000109c9cdc8
0x000000010a110b50:   000000010a110b70 00000001097f5ce4
0x000000010a110b60:   00000007a9630300 00000007a9630380
0x000000010a110b70:   000000010a110bd0 00000001099f74ea
0x000000010a110b80:   00007f8242e004e0 00007f8242e005b0
0x000000010a110b90:   00007f8242e005c0 00007f8242e00998
0x000000010a110ba0:   00007f8244800000 00007f8244800000
0x000000010a110bb0:   000000010a110e3f 000000000000a303
0x000000010a110bc0:   000000010a110ed0 00007f8244800000
0x000000010a110bd0:   000000010a110c20 00000001097bec2f
0x000000010a110be0:   000000000000a303 00007f8244800000
0x000000010a110bf0:   00007f8242e00500 00007f8242e009a0
0x000000010a110c00:   00007f8242e009b0 00007f8242e00d88
0x000000010a110c10:   00007f8242e00530 000000010a110e3f
0x000000010a110c20:   000000010a110e00 00000001099e8471
0x000000010a110c30:   00007fff60f5f110 000000010a110d10
0x000000010a110c40:   00007fff60f65d80 000000010133c300
0x000000010a110c50:   0000000000000005 00007fff60f5f110
0x000000010a110c60:   000000010a110cb0 00007fff60f416bd
0x000000010a110c70:   000000010a110d10 0000000000000000
0x000000010a110c80:   000000010133c3b5 000000010133c790
0x000000010a110c90:   000000010133b1a0 000000010133c3c4
0x000000010a110ca0:   000000010133c3b5 0000000000000005
0x000000010a110cb0:   000000010a110d40 00007fff60f419cd
0x000000010a110cc0:   000000010133c3b5 0000000000000000
0x000000010a110cd0:   00007fff60f5165c 0000000104dc85c0
0x000000010a110ce0:   0000000104e6b1c5 000000010133c3b5
0x000000010a110cf0:   0101000000000000 00007fff60f5f110 

Instructions: (pc=0x00000001097fd14e)
0x00000001097fd12e:   89 de 48 83 c4 08 5b 41 5e 41 5f 5d e9 bd 07 20
0x00000001097fd13e:   00 90 55 48 89 e5 41 56 53 48 63 05 8a d9 49 00
0x00000001097fd14e:   8b 1c 07 85 db 75 04 31 ff eb 29 48 63 05 7c d9
0x00000001097fd15e:   49 00 4c 63 34 07 e8 c7 8e 22 00 48 8d 0d 20 d3 

Register to memory mapping:

RAX=0x0000000000000014 is an unknown value
RBX=0x00007f8243800000 is an unknown value
RCX=0x0000000000000003 is an unknown value
RDX=0x0000000109c1f270: _ZN8Universe11_narrow_oopE+0 in /Library/Java/JavaVirtualMachines/1.7.0.jdk/Contents/Home/jre/lib/server/libjvm.dylib at 0x0000000109570000
RSP=0x000000010a110b00 is an unknown value
RBP=0x000000010a110b10 is an unknown value
RSI=0x0000000000000000 is an unknown value
RDI=0x0000000000000008 is an unknown value
R8 =0x0000000000000000 is an unknown value
R9 =0x000000010a110308 is an unknown value
R10=0x0000000109c1e038: _ZN13defaultStream10_output_fdE+0 in /Library/Java/JavaVirtualMachines/1.7.0.jdk/Contents/Home/jre/lib/server/libjvm.dylib at 0x0000000109570000
R11=0x0000000000000206 is an unknown value
R12=0x00007f8244805cd8 is an unknown value
R13=0x000000010a111000 is an unknown value
R14=0x00007f8244806320 is an unknown value
R15=0x00007f82448057a8 is an unknown value


Stack: [0x000000010a011000,0x000000010a111000],  sp=0x000000010a110b00,  free space=1022k
Native frames: (J=compiled Java code, j=interpreted, Vv=VM code, C=native code)
V  [libjvm.dylib+0x28d14e]
V  [libjvm.dylib+0x28d22b]
V  [libjvm.dylib+0x285ce4]
V  [libjvm.dylib+0x4874ea]
V  [libjvm.dylib+0x24ec2f]
V  [libjvm.dylib+0x478471]
V  [libjvm.dylib+0x2a195e]
C  [java+0x2a65]  JavaMain+0x134
C  [libsystem_c.dylib+0x4e8bf]  _pthread_start+0x14f
C  [libsystem_c.dylib+0x51b75]  thread_start+0xd


---------------  P R O C E S S  ---------------

Java Threads: ( => current thread )

Other Threads:

=>0x00007f8244800000 (exited) JavaThread "Unknown thread" [_thread_in_vm, id=168890368, stack(0x000000010a011000,0x000000010a111000)]

VM state:not at safepoint (normal execution)

VM Mutex/Monitor currently owned by a thread: None

Heap
 PSYoungGen      total 24320K, used 417K [0x00000007e4d60000, 0x00000007e6880000, 0x0000000800000000)
  eden space 20864K, 2% used [0x00000007e4d60000,0x00000007e4dc8538,0x00000007e61c0000)
  from space 3456K, 0% used [0x00000007e6520000,0x00000007e6520000,0x00000007e6880000)
  to   space 3456K, 0% used [0x00000007e61c0000,0x00000007e61c0000,0x00000007e6520000)
 ParOldGen       total 55616K, used 0K [0x00000007ae800000, 0x00000007b1e50000, 0x00000007e4d60000)
  object space 55616K, 0% used [0x00000007ae800000,0x00000007ae800000,0x00000007b1e50000)
 PSPermGen       total 21248K, used 518K [0x00000007a9600000, 0x00000007aaac0000, 0x00000007ae800000)
  object space 21248K, 2% used [0x00000007a9600000,0x00000007a9681ba0,0x00000007aaac0000)

Code Cache  [0x000000010a161000, 0x000000010a3d1000, 0x000000010d161000)
 total_blobs=31 nmethods=0 adapters=13 free_code_cache=48893Kb largest_free_block=50066752

Compilation events (0 events):
No events

GC Heap History (0 events):
No events

Deoptimization events (0 events):
No events

Internal exceptions (2 events):
Event: 0.020 Thread 0x00007f8244800000 Threw 0x00000007e4d6ba38 at /HUDSON/workspace/jdk7u5-2-build-macosx-amd64-product/jdk7u5/hotspot/src/share/vm/interpreter/interpret
Event: 0.022 Thread 0x00007f8244800000 Threw 0x00000007e4d6ba38 at /HUDSON/workspace/jdk7u5-2-build-macosx-amd64-product/jdk7u5/hotspot/src/share/vm/memory/universe.cpp:1

Events (10 events):
Event: 0.018 loading class 0x00007f8242e13910
Event: 0.018 loading class 0x00007f8242e13910 done
Event: 0.018 loading class 0x00007f8242e13960
Event: 0.018 loading class 0x00007f8242e13960 done
Event: 0.018 loading class 0x00007f8242e14640
Event: 0.018 loading class 0x00007f8242e14640 done
Event: 0.018 loading class 0x00007f8242e14250
Event: 0.018 loading class 0x00007f8242e14250 done
Event: 0.019 loading class 0x00007f8242e14610
Event: 0.019 loading class 0x00007f8242e14610 done


Dynamic libraries:
0x0000000101346000 	/System/Library/Frameworks/Cocoa.framework/Versions/A/Cocoa
0x0000000101350000 	/System/Library/Frameworks/Security.framework/Versions/A/Security
0x0000000101769000 	/System/Library/Frameworks/ApplicationServices.framework/Versions/A/ApplicationServices
0x000000010176e000 	/usr/lib/libz.1.dylib
0x000000010178c000 	/usr/lib/libSystem.B.dylib
0x00000001017cc000 	/usr/lib/libobjc.A.dylib
0x00000001018c8000 	/System/Library/Frameworks/CoreFoundation.framework/Versions/A/CoreFoundation
0x0000000101bef000 	/System/Library/Frameworks/AppKit.framework/Versions/C/AppKit
0x0000000102e7f000 	/System/Library/Frameworks/CoreData.framework/Versions/A/CoreData
0x0000000103194000 	/System/Library/Frameworks/Foundation.framework/Versions/C/Foundation
0x0000000103691000 	/System/Library/PrivateFrameworks/RemoteViewServices.framework/Versions/A/RemoteViewServices
0x00000001036d7000 	/System/Library/Frameworks/AudioToolbox.framework/Versions/A/AudioToolbox
0x00000001038b6000 	/System/Library/Frameworks/AudioUnit.framework/Versions/A/AudioUnit
0x00000001038c3000 	/System/Library/PrivateFrameworks/DataDetectorsCore.framework/Versions/A/DataDetectorsCore
0x0000000103970000 	/System/Library/PrivateFrameworks/DesktopServicesPriv.framework/Versions/A/DesktopServicesPriv
0x0000000103ae5000 	/System/Library/Frameworks/Carbon.framework/Versions/A/Frameworks/HIToolbox.framework/Versions/A/HIToolbox
0x0000000103f5f000 	/System/Library/Frameworks/QuartzCore.framework/Versions/A/QuartzCore
0x00000001041ae000 	/System/Library/Frameworks/Carbon.framework/Versions/A/Frameworks/SpeechRecognition.framework/Versions/A/SpeechRecognition
0x00000001041c9000 	/usr/lib/libauto.dylib
0x0000000104230000 	/usr/lib/libicucore.A.dylib
0x00000001044c8000 	/usr/lib/libxml2.2.dylib
0x00000001045fa000 	/System/Library/PrivateFrameworks/CoreUI.framework/Versions/A/CoreUI
0x00000001046a7000 	/System/Library/Frameworks/CoreAudio.framework/Versions/A/CoreAudio
0x000000010473f000 	/System/Library/Frameworks/DiskArbitration.framework/Versions/A/DiskArbitration
0x0000000104750000 	/usr/lib/liblangid.dylib
0x0000000104756000 	/System/Library/PrivateFrameworks/MultitouchSupport.framework/Versions/A/MultitouchSupport
0x0000000104780000 	/System/Library/Frameworks/IOKit.framework/Versions/A/IOKit
0x000000010481d000 	/usr/lib/libDiagnosticMessagesClient.dylib
0x0000000104826000 	/System/Library/Frameworks/CoreServices.framework/Versions/A/CoreServices
0x000000010482a000 	/System/Library/PrivateFrameworks/PerformanceAnalysis.framework/Versions/A/PerformanceAnalysis
0x0000000104872000 	/System/Library/PrivateFrameworks/GenerationalStorage.framework/Versions/A/GenerationalStorage
0x0000000104899000 	/System/Library/Frameworks/OpenGL.framework/Versions/A/OpenGL
0x00000001048b1000 	/System/Library/Frameworks/CoreServices.framework/Versions/A/Frameworks/CFNetwork.framework/Versions/A/CFNetwork
0x0000000104ac2000 	/System/Library/Frameworks/SystemConfiguration.framework/Versions/A/SystemConfiguration
0x0000000104b38000 	/usr/lib/libCRFSuite.dylib
0x0000000104b59000 	/usr/lib/libc++.1.dylib
0x0000000104c2a000 	/usr/lib/libstdc++.6.dylib
0x0000000104cfc000 	/usr/lib/libc++abi.dylib
0x0000000104d15000 	/usr/lib/system/libcache.dylib
0x0000000104d21000 	/usr/lib/system/libcommonCrypto.dylib
0x0000000104d74000 	/usr/lib/system/libcompiler_rt.dylib
0x0000000104d85000 	/usr/lib/system/libcopyfile.dylib
0x0000000104d97000 	/usr/lib/system/libdispatch.dylib
0x0000000104dbd000 	/usr/lib/system/libdnsinfo.dylib
0x0000000104dc7000 	/usr/lib/system/libdyld.dylib
0x0000000104dd7000 	/usr/lib/system/libkeymgr.dylib
0x0000000104de2000 	/usr/lib/system/liblaunch.dylib
0x0000000104df8000 	/usr/lib/system/libmacho.dylib
0x0000000104e04000 	/usr/lib/system/libmathCommon.A.dylib
0x0000000104e12000 	/usr/lib/system/libquarantine.dylib
0x0000000104e1f000 	/usr/lib/system/libremovefile.dylib
0x0000000104e25000 	/usr/lib/system/libsystem_blocks.dylib
0x0000000104e2d000 	/usr/lib/system/libsystem_c.dylib
0x0000000104f4d000 	/usr/lib/system/libsystem_dnssd.dylib
0x0000000104f5c000 	/usr/lib/system/libsystem_info.dylib
0x0000000104fb2000 	/usr/lib/system/libsystem_kernel.dylib
0x0000000104fe5000 	/usr/lib/system/libsystem_network.dylib
0x0000000104ff1000 	/usr/lib/system/libsystem_notify.dylib
0x0000000105002000 	/usr/lib/system/libsystem_sandbox.dylib
0x0000000105009000 	/usr/lib/system/libunc.dylib
0x0000000105010000 	/usr/lib/system/libunwind.dylib
0x000000010501f000 	/usr/lib/system/libxpc.dylib
0x0000000105050000 	/usr/lib/libbsm.0.dylib
0x000000010506c000 	/usr/lib/libsqlite3.dylib
0x000000010518f000 	/usr/lib/libOpenScriptingUtil.dylib
0x0000000105193000 	/usr/lib/libpam.2.dylib
0x00000001051a3000 	/usr/lib/libxar-nossl.dylib
0x00000001051c1000 	/usr/lib/libbz2.1.0.dylib
0x00000001051d3000 	/System/Library/Frameworks/CoreServices.framework/Versions/A/Frameworks/CarbonCore.framework/Versions/A/CarbonCore
0x0000000104d6d000 	/System/Library/Frameworks/CoreServices.framework/Versions/A/Frameworks/Metadata.framework/Versions/A/Metadata
0x000000010564d000 	/System/Library/Frameworks/CoreServices.framework/Versions/A/Frameworks/OSServices.framework/Versions/A/OSServices
0x00000001057ae000 	/System/Library/Frameworks/CoreServices.framework/Versions/A/Frameworks/SearchKit.framework/Versions/A/SearchKit
0x0000000105888000 	/System/Library/Frameworks/CoreServices.framework/Versions/A/Frameworks/AE.framework/Versions/A/AE
0x00000001058e8000 	/System/Library/Frameworks/CoreServices.framework/Versions/A/Frameworks/LaunchServices.framework/Versions/A/LaunchServices
0x00000001059db000 	/System/Library/Frameworks/CoreServices.framework/Versions/A/Frameworks/DictionaryServices.framework/Versions/A/DictionaryServices
0x0000000105a30000 	/System/Library/Frameworks/NetFS.framework/Versions/A/NetFS
0x0000000105a43000 	/usr/lib/system/libkxld.dylib
0x0000000105a5a000 	/System/Library/PrivateFrameworks/NetAuth.framework/Versions/A/NetAuth
0x0000000105a74000 	/usr/lib/libcrypto.0.9.8.dylib
0x0000000105be9000 	/System/Library/PrivateFrameworks/TrustEvaluationAgent.framework/Versions/A/TrustEvaluationAgent
0x0000000105bf2000 	/System/Library/Frameworks/OpenDirectory.framework/Versions/A/Frameworks/CFOpenDirectory.framework/Versions/A/CFOpenDirectory
0x0000000105c26000 	/usr/lib/libxslt.1.dylib
0x0000000105c62000 	/System/Library/PrivateFrameworks/FamilyControls.framework/Versions/A/FamilyControls
0x0000000105ca1000 	/System/Library/Frameworks/Carbon.framework/Versions/A/Frameworks/Ink.framework/Versions/A/Ink
0x0000000105d80000 	/System/Library/Frameworks/ApplicationServices.framework/Versions/A/Frameworks/CoreGraphics.framework/Versions/A/CoreGraphics
0x0000000106829000 	/System/Library/Frameworks/ApplicationServices.framework/Versions/A/Frameworks/ImageIO.framework/Versions/A/ImageIO
0x0000000106958000 	/System/Library/Frameworks/ApplicationServices.framework/Versions/A/Frameworks/CoreText.framework/Versions/A/CoreText
0x0000000106a62000 	/System/Library/Frameworks/ApplicationServices.framework/Versions/A/Frameworks/ATS.framework/Versions/A/ATS
0x0000000106b17000 	/System/Library/Frameworks/ApplicationServices.framework/Versions/A/Frameworks/ColorSync.framework/Versions/A/ColorSync
0x0000000106c26000 	/System/Library/Frameworks/ApplicationServices.framework/Versions/A/Frameworks/HIServices.framework/Versions/A/HIServices
0x0000000106cb8000 	/System/Library/Frameworks/ApplicationServices.framework/Versions/A/Frameworks/LangAnalysis.framework/Versions/A/LangAnalysis
0x000000000cbda000 	/System/Library/Frameworks/ApplicationServices.framework/Versions/A/Frameworks/PrintCore.framework/Versions/A/PrintCore
0x0000000106d8e000 	/System/Library/Frameworks/ApplicationServices.framework/Versions/A/Frameworks/QD.framework/Versions/A/QD
0x0000000106dea000 	/System/Library/Frameworks/ApplicationServices.framework/Versions/A/Frameworks/SpeechSynthesis.framework/Versions/A/SpeechSynthesis
0x0000000106e16000 	/System/Library/Frameworks/IOSurface.framework/Versions/A/IOSurface
0x0000000106e26000 	/System/Library/Frameworks/Accelerate.framework/Versions/A/Accelerate
0x0000000106e2c000 	/System/Library/Frameworks/ApplicationServices.framework/Versions/A/Frameworks/ImageIO.framework/Versions/A/Resources/libJPEG.dylib
0x0000000106e60000 	/System/Library/Frameworks/ApplicationServices.framework/Versions/A/Frameworks/ImageIO.framework/Versions/A/Resources/libTIFF.dylib
0x0000000106eca000 	/System/Library/Frameworks/ApplicationServices.framework/Versions/A/Frameworks/ImageIO.framework/Versions/A/Resources/libPng.dylib
0x0000000106efb000 	/System/Library/Frameworks/ApplicationServices.framework/Versions/A/Frameworks/ImageIO.framework/Versions/A/Resources/libGIF.dylib
0x0000000106f0c000 	/System/Library/Frameworks/ApplicationServices.framework/Versions/A/Frameworks/ImageIO.framework/Versions/A/Resources/libJP2.dylib
0x000000010704b000 	/System/Library/Frameworks/ApplicationServices.framework/Versions/A/Frameworks/ImageIO.framework/Versions/A/Resources/libRadiance.dylib
0x0000000107054000 	/System/Library/Frameworks/Accelerate.framework/Versions/A/Frameworks/vImage.framework/Versions/A/vImage
0x00000001071ac000 	/System/Library/Frameworks/Accelerate.framework/Versions/A/Frameworks/vecLib.framework/Versions/A/vecLib
0x00000001071b0000 	/System/Library/Frameworks/Accelerate.framework/Versions/A/Frameworks/vecLib.framework/Versions/A/libvDSP.dylib
0x000000010721a000 	/System/Library/Frameworks/Accelerate.framework/Versions/A/Frameworks/vecLib.framework/Versions/A/libvMisc.dylib
0x00000001072be000 	/System/Library/Frameworks/Accelerate.framework/Versions/A/Frameworks/vecLib.framework/Versions/A/libLAPACK.dylib
0x000000010774e000 	/System/Library/Frameworks/Accelerate.framework/Versions/A/Frameworks/vecLib.framework/Versions/A/libBLAS.dylib
0x0000000107d74000 	/System/Library/Frameworks/ApplicationServices.framework/Versions/A/Frameworks/ATS.framework/Versions/A/Resources/libFontParser.dylib
0x0000000107ed6000 	/System/Library/Frameworks/ApplicationServices.framework/Versions/A/Frameworks/ATS.framework/Versions/A/Resources/libFontRegistry.dylib
0x0000000107f54000 	/usr/lib/libcups.2.dylib
0x0000000107fa8000 	/System/Library/Frameworks/Kerberos.framework/Versions/A/Kerberos
0x0000000107fe9000 	/System/Library/Frameworks/GSS.framework/Versions/A/GSS
0x0000000108035000 	/usr/lib/libresolv.9.dylib
0x0000000108063000 	/usr/lib/libiconv.2.dylib
0x000000010816c000 	/System/Library/PrivateFrameworks/Heimdal.framework/Versions/A/Heimdal
0x0000000108221000 	/System/Library/Frameworks/OpenDirectory.framework/Versions/A/OpenDirectory
0x0000000108235000 	/System/Library/PrivateFrameworks/CommonAuth.framework/Versions/A/CommonAuth
0x000000010824a000 	/System/Library/Frameworks/CoreVideo.framework/Versions/A/CoreVideo
0x0000000108290000 	/System/Library/Frameworks/QuartzCore.framework/Versions/A/Frameworks/CoreImage.framework/Versions/A/CoreImage
0x00000001085ef000 	/System/Library/Frameworks/QuartzCore.framework/Versions/A/Frameworks/ScalableUserInterface.framework/Versions/A/ScalableUserInterface
0x000000010866f000 	/System/Library/Frameworks/OpenGL.framework/Versions/A/Libraries/libGLU.dylib
0x00000001086d4000 	/System/Library/Frameworks/OpenGL.framework/Versions/A/Libraries/libGFXShared.dylib
0x00000001086e1000 	/System/Library/Frameworks/OpenGL.framework/Versions/A/Libraries/libGL.dylib
0x000000010870d000 	/System/Library/Frameworks/OpenGL.framework/Versions/A/Libraries/libGLImage.dylib
0x0000000108757000 	/System/Library/Frameworks/OpenGL.framework/Versions/A/Libraries/libCVMSPluginSupport.dylib
0x000000010875f000 	/System/Library/Frameworks/OpenGL.framework/Versions/A/Libraries/libCoreVMClient.dylib
0x0000000108768000 	/System/Library/Frameworks/OpenCL.framework/Versions/A/OpenCL
0x00000001087db000 	/System/Library/PrivateFrameworks/FaceCoreLight.framework/Versions/A/FaceCoreLight
0x00000001090ca000 	/System/Library/Frameworks/vecLib.framework/Versions/A/vecLib
0x00000001090d1000 	/System/Library/Frameworks/SecurityFoundation.framework/Versions/A/SecurityFoundation
0x00000001091c7000 	/System/Library/PrivateFrameworks/CommerceKit.framework/Versions/A/Frameworks/CommerceCore.framework/Versions/A/CommerceCore
0x00000001091dc000 	/System/Library/PrivateFrameworks/CoreSymbolication.framework/Versions/A/CoreSymbolication
0x0000000109298000 	/System/Library/PrivateFrameworks/Symbolication.framework/Versions/A/Symbolication
0x0000000109341000 	/System/Library/PrivateFrameworks/DebugSymbols.framework/Versions/A/DebugSymbols
0x0000000109570000 	/Library/Java/JavaVirtualMachines/1.7.0.jdk/Contents/Home/jre/lib/server/libjvm.dylib
0x000000010a113000 	/Library/Java/JavaVirtualMachines/1.7.0.jdk/Contents/Home/jre/lib/libverify.dylib
0x000000010a120000 	/Library/Java/JavaVirtualMachines/1.7.0.jdk/Contents/Home/jre/lib/libjava.dylib
0x000000010a158000 	/Library/Java/JavaVirtualMachines/1.7.0.jdk/Contents/Home/jre/lib/libzip.dylib

VM Arguments:
jvm_args: -Dfile.encoding=US-ASCII -Xbootclasspath/p:/Applications/eclipse/adt-bundle-mac-x86_64-20131030/sdk/platforms/android-19/android.jar 
java_command: com.example.knock_knock.Driver
Launcher Type: SUN_STANDARD

Environment Variables:
PATH=/usr/bin:/bin:/usr/sbin:/sbin:/usr/local/bin:/usr/X11/bin:/opt/local/bin:/usr/local/git/bin
SHELL=/bin/bash
DISPLAY=/tmp/launch-kzi17o/org.x:0

Signal Handlers:
SIGSEGV: [libjvm.dylib+0x4a1961], sa_mask[0]=0xfffefeff, sa_flags=0x00000042
SIGBUS: [libjvm.dylib+0x4a1961], sa_mask[0]=0xfffefeff, sa_flags=0x00000042
SIGFPE: [libjvm.dylib+0x3b173d], sa_mask[0]=0xfffefeff, sa_flags=0x00000042
SIGPIPE: [libjvm.dylib+0x3b173d], sa_mask[0]=0xfffefeff, sa_flags=0x00000042
SIGXFSZ: [libjvm.dylib+0x3b173d], sa_mask[0]=0xfffefeff, sa_flags=0x00000042
SIGILL: [libjvm.dylib+0x3b173d], sa_mask[0]=0xfffefeff, sa_flags=0x00000042
SIGUSR1: SIG_DFL, sa_mask[0]=0x00000000, sa_flags=0x00000002
SIGUSR2: [libjvm.dylib+0x3b12ca], sa_mask[0]=0x00000004, sa_flags=0x00000042
SIGHUP: SIG_DFL, sa_mask[0]=0xfffefeff, sa_flags=0x00000042
SIGINT: SIG_DFL, sa_mask[0]=0xfffefeff, sa_flags=0x00000042
SIGTERM: SIG_DFL, sa_mask[0]=0xfffefeff, sa_flags=0x00000042
SIGQUIT: SIG_DFL, sa_mask[0]=0xfffefeff, sa_flags=0x00000042


---------------  S Y S T E M  ---------------

OS:Bsd
uname:Darwin 11.4.2 Darwin Kernel Version 11.4.2: Thu Aug 23 16:25:48 PDT 2012; root:xnu-1699.32.7~1/RELEASE_X86_64 x86_64
rlimit: STACK 8192k, CORE 0k, NPROC 709, NOFILE 10240
CPU:total 8 (4 cores per cpu, 2 threads per core) family 6 model 42 stepping 7, cmov, cx8, fxsr, mmx, sse, sse2, sse3, ssse3, sse4.1, sse4.2, popcnt, avx, ht, tsc, tscinvbit

Memory: 4k page, physical 5337004k(1334251k free)

/proc/meminfo:


vm_info: Java HotSpot(TM) 64-Bit Server VM (23.1-b03) for bsd-amd64 JRE (1.7.0_05-b06), built on Jun 27 2012 00:35:26 by "java_re" with gcc 4.2.1 (Based on Apple Inc. build 5658) (LLVM build 2336.1.00)

time: Mon May  5 13:35:14 2014
elapsed time: 0 seconds

